<?xml version="1.0" encoding="UTF-8"?>
<!-- Generated by org.testng.reporters.JUnitReportReporter -->
<testsuite hostname="DLLA0554" name="com.qait.acs.tests.ContentBrowse" tests="4" failures="0" timestamp="25 Oct 2016 08:33:56 GMT" time="40.031" errors="0">
  <testcase name="Step_01_PrintUsername" time="10.011" classname="com.qait.acs.tests.ContentBrowse"/>
  <testcase name="Step_01_PrintUsername" time="10.004" classname="com.qait.acs.tests.ContentBrowse"/>
  <testcase name="Step_01_PrintUsername" time="10.012" classname="com.qait.acs.tests.ContentBrowse"/>
  <testcase name="Step_01_PrintUsername" time="10.004" classname="com.qait.acs.tests.ContentBrowse"/>
</testsuite> <!-- com.qait.acs.tests.ContentBrowse -->
