<?xml version="1.0" encoding="UTF-8"?>
<!-- Generated by org.testng.reporters.JUnitReportReporter -->
<testsuite hostname="DLLA0554" name="com.qait.acs.tests.ContentBrowse_AuthorIndex" tests="2" failures="0" timestamp="6 Oct 2016 10:53:42 GMT" time="0.011" errors="0">
  <testcase name="Step1" time="0.008" classname="com.qait.acs.tests.ContentBrowse_AuthorIndex"/>
  <testcase name="Step1" time="0.003" classname="com.qait.acs.tests.ContentBrowse_AuthorIndex"/>
</testsuite> <!-- com.qait.acs.tests.ContentBrowse_AuthorIndex -->
