<?xml version="1.0" encoding="UTF-8"?>
<!-- Generated by org.testng.reporters.JUnitReportReporter -->
<testsuite hostname="DLLA0554" name="com.qait.nelson.tests.ContentBrowse" tests="10" failures="0" timestamp="26 Oct 2016 08:56:36 GMT" time="100.057" errors="0">
  <testcase name="Step_01_PrintuserId" time="10.007" classname="com.qait.nelson.tests.ContentBrowse"/>
  <testcase name="Step_01_PrintuserId" time="10.002" classname="com.qait.nelson.tests.ContentBrowse"/>
  <testcase name="Step_01_PrintuserId" time="10.004" classname="com.qait.nelson.tests.ContentBrowse"/>
  <testcase name="Step_01_PrintuserId" time="10.004" classname="com.qait.nelson.tests.ContentBrowse"/>
  <testcase name="Step_01_PrintuserId" time="10.003" classname="com.qait.nelson.tests.ContentBrowse"/>
  <testcase name="Step_01_PrintuserId" time="10.005" classname="com.qait.nelson.tests.ContentBrowse"/>
  <testcase name="Step_01_PrintuserId" time="10.007" classname="com.qait.nelson.tests.ContentBrowse"/>
  <testcase name="Step_01_PrintuserId" time="10.001" classname="com.qait.nelson.tests.ContentBrowse"/>
  <testcase name="Step_01_PrintuserId" time="10.018" classname="com.qait.nelson.tests.ContentBrowse"/>
  <testcase name="Step_01_PrintuserId" time="10.006" classname="com.qait.nelson.tests.ContentBrowse"/>
</testsuite> <!-- com.qait.nelson.tests.ContentBrowse -->
