<?xml version="1.0" encoding="UTF-8"?>
<!-- Generated by org.testng.reporters.JUnitReportReporter -->
<testsuite hostname="ASDW1256" name="com.qait.acs.tests.TestFirst" tests="5" failures="0" timestamp="25 Jul 2018 05:43:43 GMT" time="6.541" errors="0">
  <testcase name="Step04_FrameDungeon" time="2.170" classname="com.qait.acs.tests.TestFirst"/>
  <testcase name="Step05_DragAndDrop" time="0.386" classname="com.qait.acs.tests.TestFirst"/>
  <testcase name="Step01_Launch_Application" time="3.242" classname="com.qait.acs.tests.TestFirst"/>
  <testcase name="Step02_BasicCourse" time="0.255" classname="com.qait.acs.tests.TestFirst"/>
  <testcase name="Step03_GridGate" time="0.488" classname="com.qait.acs.tests.TestFirst"/>
</testsuite> <!-- com.qait.acs.tests.TestFirst -->
