<?xml version="1.0" encoding="UTF-8"?>
<!-- Generated by org.testng.reporters.JUnitReportReporter -->
<testsuite hostname="ASDW1256" name="com.qait.acs.tests.TestStarsCustomerPortal" tests="3" failures="0" timestamp="25 Jul 2018 11:43:52 GMT" time="64.101" errors="0">
  <testcase name="Step03_Stars_03_Verify_Allow_Login_With_Valid_Credentials" time="34.708" classname="com.qait.acs.tests.TestStarsCustomerPortal"/>
  <testcase name="Step01_Stars_01_Verify_Successful_Launch_Of_The_Application" time="17.102" classname="com.qait.acs.tests.TestStarsCustomerPortal"/>
  <testcase name="Step02_Stars_02_Verify_Components_Present_On_The_Login_Page" time="12.291" classname="com.qait.acs.tests.TestStarsCustomerPortal"/>
</testsuite> <!-- com.qait.acs.tests.TestStarsCustomerPortal -->
